#
# There is insufficient memory for the Java Runtime Environment to continue.
# Native memory allocation (malloc) failed to allocate 32744 bytes for ChunkPool::allocate
# Possible reasons:
#   The system is out of physical RAM or swap space
#   The process is running with CompressedOops enabled, and the Java Heap may be blocking the growth of the native heap
# Possible solutions:
#   Reduce memory load on the system
#   Increase physical memory or swap space
#   Check if swap backing store is full
#   Decrease Java heap size (-Xmx/-Xms)
#   Decrease number of Java threads
#   Decrease Java thread stack sizes (-Xss)
#   Set larger code cache with -XX:ReservedCodeCacheSize=
#   JVM is running with Zero Based Compressed Oops mode in which the Java heap is
#     placed in the first 32GB address space. The Java Heap base address is the
#     maximum limit for the native heap growth. Please use -XX:HeapBaseMinAddress
#     to set the Java Heap base and to place the Java Heap above 32GB virtual address.
# This output file may be truncated or incomplete.
#
#  Out of Memory Error (allocation.cpp:272), pid=19408, tid=0x0000000000002718
#
# JRE version: Java(TM) SE Runtime Environment (8.0_241-b07) (build 1.8.0_241-b07)
# Java VM: Java HotSpot(TM) 64-Bit Server VM (25.241-b07 mixed mode windows-amd64 compressed oops)
# Failed to write core dump. Minidumps are not enabled by default on client versions of Windows
#

---------------  T H R E A D  ---------------

Current thread (0x000000001d489000):  JavaThread "C2 CompilerThread1" daemon [_thread_in_native, id=10008, stack(0x000000001dc20000,0x000000001dd20000)]

Stack: [0x000000001dc20000,0x000000001dd20000]
[error occurred during error reporting (printing stack bounds), id 0xc0000005]

Native frames: (J=compiled Java code, j=interpreted, Vv=VM code, C=native code)


Current CompileTask:
C2:   3075 1552       4       org.springframework.boot.context.properties.source.ConfigurationPropertyName$ElementsParser::parse (234 bytes)


---------------  P R O C E S S  ---------------

Java Threads: ( => current thread )
  0x000000001d535800 JavaThread "Service Thread" daemon [_thread_blocked, id=24924, stack(0x000000001de20000,0x000000001df20000)]
  0x000000001d495800 JavaThread "C1 CompilerThread2" daemon [_thread_blocked, id=8168, stack(0x000000001dd20000,0x000000001de20000)]
=>0x000000001d489000 JavaThread "C2 CompilerThread1" daemon [_thread_in_native, id=10008, stack(0x000000001dc20000,0x000000001dd20000)]
  0x000000001d486000 JavaThread "C2 CompilerThread0" daemon [_thread_in_native, id=3472, stack(0x000000001db20000,0x000000001dc20000)]
  0x000000001c0ed800 JavaThread "Monitor Ctrl-Break" daemon [_thread_in_native, id=26588, stack(0x000000001da20000,0x000000001db20000)]
  0x000000001c0ce000 JavaThread "Attach Listener" daemon [_thread_blocked, id=26276, stack(0x000000001d920000,0x000000001da20000)]
  0x000000001c0ba000 JavaThread "Signal Dispatcher" daemon [_thread_blocked, id=5920, stack(0x000000001d820000,0x000000001d920000)]
  0x000000001c090800 JavaThread "Finalizer" daemon [_thread_blocked, id=5864, stack(0x000000001d320000,0x000000001d420000)]
  0x000000001c08a800 JavaThread "Reference Handler" daemon [_thread_blocked, id=21136, stack(0x000000001d220000,0x000000001d320000)]
  0x0000000002878800 JavaThread "main" [_thread_in_vm, id=18980, stack(0x0000000002720000,0x0000000002820000)]

Other Threads:
  0x000000001c068800 VMThread [stack: 0x000000001d120000,0x000000001d220000] [id=25896]
  0x000000001d59f800 WatcherThread [stack: 0x000000001df20000,0x000000001e020000] [id=12764]

VM state:not at safepoint (normal execution)

VM Mutex/Monitor currently owned by a thread: None

heap address: 0x00000006c2000000, size: 4064 MB, Compressed Oops mode: Zero based, Oop shift amount: 3
Narrow klass base: 0x0000000000000000, Narrow klass shift: 3
Compressed class space size: 1073741824 Address: 0x00000007c0000000

Heap:
 PSYoungGen      total 75776K, used 62802K [0x000000076b580000, 0x0000000770a00000, 0x00000007c0000000)
  eden space 65024K, 85% used [0x000000076b580000,0x000000076eb99a10,0x000000076f500000)
  from space 10752K, 68% used [0x000000076f500000,0x000000076fc3b0c0,0x000000076ff80000)
  to   space 10752K, 0% used [0x000000076ff80000,0x000000076ff80000,0x0000000770a00000)
 ParOldGen       total 173568K, used 16K [0x00000006c2000000, 0x00000006cc980000, 0x000000076b580000)
  object space 173568K, 0% used [0x00000006c2000000,0x00000006c2004000,0x00000006cc980000)
 Metaspace       used 16602K, capacity 18122K, committed 18432K, reserved 1064960K
  class space    used 2162K, capacity 2453K, committed 2560K, reserved 1048576K

Card table byte_map: [0x0000000011ec0000,0x00000000126c0000] byte_map_base: 0x000000000e8b0000

Marking Bits: (ParMarkBitMap*) 0x000000006ffbbe30
 Begin Bits: [0x0000000013010000, 0x0000000016f90000)
 End Bits:   [0x0000000016f90000, 0x000000001af10000)

Polling page: 0x0000000000a50000

CodeCache: size=245760Kb used=5365Kb max_used=5365Kb free=240394Kb
 bounds [0x0000000002b00000, 0x0000000003040000, 0x0000000011b00000]
 total_blobs=1982 nmethods=1623 adapters=271
 compilation: enabled

Compilation events (10 events):
Event: 3.061 Thread 0x000000001d495800 nmethod 1620 0x000000000303a350 code [0x000000000303a4a0, 0x000000000303a5f0]
Event: 3.061 Thread 0x000000001d495800 1622       3       org.springframework.boot.context.properties.source.SpringIterableConfigurationPropertySource$$Lambda$351/1855026648::apply (12 bytes)
Event: 3.062 Thread 0x000000001d495800 nmethod 1622 0x000000000303a690 code [0x000000000303a860, 0x000000000303b168]
Event: 3.062 Thread 0x000000001d495800 1624       3       org.springframework.boot.context.properties.source.DefaultPropertyMapper$LastMapping::<init> (15 bytes)
Event: 3.062 Thread 0x000000001d495800 nmethod 1624 0x000000000303b610 code [0x000000000303b760, 0x000000000303b950]
Event: 3.066 Thread 0x000000001d495800 1625       3       org.springframework.boot.context.properties.source.SpringConfigurationPropertySources$SourcesIterator::hasNext (13 bytes)
Event: 3.066 Thread 0x000000001d495800 nmethod 1625 0x000000000303ba10 code [0x000000000303bb80, 0x000000000303bd68]
Event: 3.066 Thread 0x000000001d495800 1626       1       java.util.Hashtable::access$400 (5 bytes)
Event: 3.066 Thread 0x000000001d495800 nmethod 1626 0x000000000303be10 code [0x000000000303bf60, 0x000000000303c050]
Event: 3.071 Thread 0x000000001d495800 1627       3       org.springframework.boot.context.properties.source.SpringIterableConfigurationPropertySource::getConfigurationProperty (94 bytes)

GC Heap History (2 events):
Event: 2.166 GC heap before
{Heap before GC invocations=1 (full 0):
 PSYoungGen      total 75776K, used 65024K [0x000000076b580000, 0x0000000770a00000, 0x00000007c0000000)
  eden space 65024K, 100% used [0x000000076b580000,0x000000076f500000,0x000000076f500000)
  from space 10752K, 0% used [0x000000076ff80000,0x000000076ff80000,0x0000000770a00000)
  to   space 10752K, 0% used [0x000000076f500000,0x000000076f500000,0x000000076ff80000)
 ParOldGen       total 173568K, used 0K [0x00000006c2000000, 0x00000006cc980000, 0x000000076b580000)
  object space 173568K, 0% used [0x00000006c2000000,0x00000006c2000000,0x00000006cc980000)
 Metaspace       used 12490K, capacity 13580K, committed 13952K, reserved 1060864K
  class space    used 1587K, capacity 1800K, committed 1920K, reserved 1048576K
Event: 2.177 GC heap after
Heap after GC invocations=1 (full 0):
 PSYoungGen      total 75776K, used 7404K [0x000000076b580000, 0x0000000770a00000, 0x00000007c0000000)
  eden space 65024K, 0% used [0x000000076b580000,0x000000076b580000,0x000000076f500000)
  from space 10752K, 68% used [0x000000076f500000,0x000000076fc3b0c0,0x000000076ff80000)
  to   space 10752K, 0% used [0x000000076ff80000,0x000000076ff80000,0x0000000770a00000)
 ParOldGen       total 173568K, used 16K [0x00000006c2000000, 0x00000006cc980000, 0x000000076b580000)
  object space 173568K, 0% used [0x00000006c2000000,0x00000006c2004000,0x00000006cc980000)
 Metaspace       used 12490K, capacity 13580K, committed 13952K, reserved 1060864K
  class space    used 1587K, capacity 1800K, committed 1920K, reserved 1048576K
}

Deoptimization events (10 events):
Event: 1.720 Thread 0x0000000002878800 Uncommon trap: reason=class_check action=maybe_recompile pc=0x0000000002c9c334 method=java.lang.String.equals(Ljava/lang/Object;)Z @ 8
Event: 1.888 Thread 0x0000000002878800 Uncommon trap: reason=class_check action=maybe_recompile pc=0x0000000002ed6580 method=java.util.HashMap.putVal(ILjava/lang/Object;Ljava/lang/Object;ZZ)Ljava/lang/Object; @ 203
Event: 1.983 Thread 0x0000000002878800 Uncommon trap: reason=unstable_if action=reinterpret pc=0x0000000002e56eb0 method=java.io.WinNTFileSystem.normalize(Ljava/lang/String;)Ljava/lang/String; @ 128
Event: 1.991 Thread 0x0000000002878800 Uncommon trap: reason=unstable_if action=reinterpret pc=0x0000000002cbb4c0 method=java.lang.CharacterData.of(I)Ljava/lang/CharacterData; @ 4
Event: 2.084 Thread 0x0000000002878800 Uncommon trap: reason=class_check action=maybe_recompile pc=0x0000000002ed6580 method=java.util.HashMap.putVal(ILjava/lang/Object;Ljava/lang/Object;ZZ)Ljava/lang/Object; @ 203
Event: 2.120 Thread 0x0000000002878800 Uncommon trap: reason=unstable_if action=reinterpret pc=0x0000000002ce7218 method=sun.nio.cs.UTF_8$Encoder.encode([CII[B)I @ 33
Event: 2.244 Thread 0x0000000002878800 Uncommon trap: reason=range_check action=make_not_entrant pc=0x0000000002d362e8 method=sun.reflect.generics.parser.SignatureParser.current()C @ 34
Event: 2.422 Thread 0x0000000002878800 Uncommon trap: reason=unstable_if action=reinterpret pc=0x0000000002f67254 method=java.util.jar.Manifest$FastInputStream.readLine([BII)I @ 87
Event: 2.681 Thread 0x0000000002878800 Uncommon trap: reason=unstable_if action=reinterpret pc=0x0000000002ed650c method=java.util.HashMap.putVal(ILjava/lang/Object;Ljava/lang/Object;ZZ)Ljava/lang/Object; @ 236
Event: 2.829 Thread 0x0000000002878800 Uncommon trap: reason=unstable_if action=reinterpret pc=0x0000000002fd41fc method=org.springframework.boot.context.properties.source.ConfigurationPropertyName$ElementsParser.updateType(Lorg/springframework/boot/context/properties/source/ConfigurationPrope

Classes redefined (0 events):
No events

Internal exceptions (10 events):
Event: 2.245 Thread 0x0000000002878800 Exception <a 'java/lang/ArrayIndexOutOfBoundsException': 60> (0x000000076ba022a0) thrown at [C:\ade\jenkins\workspace\8-2-build-windows-amd64-cygwin\jdk8u241\331\hotspot\src\share\vm\interpreter\interpreterRuntime.cpp, line 368]
Event: 2.469 Thread 0x0000000002878800 Exception <a 'java/lang/IncompatibleClassChangeError': Found class java.lang.Object, but interface was expected> (0x000000076cc851d8) thrown at [C:\ade\jenkins\workspace\8-2-build-windows-amd64-cygwin\jdk8u241\331\hotspot\src\share\vm\interpreter\linkReso
Event: 2.543 Thread 0x0000000002878800 Exception <a 'java/lang/NoSuchMethodError': java.lang.Object.fromSpringFactories(Ljava/lang/ClassLoader;)Lorg/springframework/boot/env/EnvironmentPostProcessorsFactory;> (0x000000076d174e48) thrown at [C:\ade\jenkins\workspace\8-2-build-windows-amd64-cygw
Event: 2.639 Thread 0x0000000002878800 Exception <a 'java/lang/NoSuchMethodError': java.lang.Object.lambda$fromSpringFactories$0(Ljava/lang/ClassLoader;)Ljava/util/List;> (0x000000076d701658) thrown at [C:\ade\jenkins\workspace\8-2-build-windows-amd64-cygwin\jdk8u241\331\hotspot\src\share\vm\i
Event: 2.689 Thread 0x0000000002878800 Exception <a 'java/lang/IncompatibleClassChangeError': Found class java.lang.Object, but interface was expected> (0x000000076d925800) thrown at [C:\ade\jenkins\workspace\8-2-build-windows-amd64-cygwin\jdk8u241\331\hotspot\src\share\vm\interpreter\linkReso
Event: 2.704 Thread 0x0000000002878800 Exception <a 'java/io/FileNotFoundException'> (0x000000076da4c0e8) thrown at [C:\ade\jenkins\workspace\8-2-build-windows-amd64-cygwin\jdk8u241\331\hotspot\src\share\vm\prims\jni.cpp, line 710]
Event: 2.723 Thread 0x0000000002878800 Exception <a 'java/lang/IncompatibleClassChangeError': Found class java.lang.Object, but interface was expected> (0x000000076db07e08) thrown at [C:\ade\jenkins\workspace\8-2-build-windows-amd64-cygwin\jdk8u241\331\hotspot\src\share\vm\interpreter\linkReso
Event: 2.769 Thread 0x0000000002878800 Exception <a 'java/lang/NoSuchMethodError': java.lang.Object.lambda$or$2(Ljava/util/function/BiPredicate;Ljava/lang/Object;Ljava/lang/Object;)Z> (0x000000076dd93cd8) thrown at [C:\ade\jenkins\workspace\8-2-build-windows-amd64-cygwin\jdk8u241\331\hotspot\s
Event: 2.774 Thread 0x0000000002878800 Exception <a 'java/lang/NoSuchMethodError': java.lang.Object.lambda$chars$0()Ljava/util/Spliterator$OfInt;> (0x000000076ddb12b8) thrown at [C:\ade\jenkins\workspace\8-2-build-windows-amd64-cygwin\jdk8u241\331\hotspot\src\share\vm\interpreter\linkResolver.
Event: 2.866 Thread 0x0000000002878800 Exception <a 'java/lang/NoSuchMethodError': java.lang.Object.lambda$from$1(Ljava/util/function/Supplier;Lorg/springframework/boot/BootstrapContext;)Ljava/lang/Object;> (0x000000076e387440) thrown at [C:\ade\jenkins\workspace\8-2-build-windows-amd64-cygwin

Events (10 events):
Event: 3.066 loading class org/springframework/boot/logging/LoggingInitializationContext
Event: 3.066 loading class org/springframework/boot/logging/LoggingInitializationContext done
Event: 3.068 loading class ch/qos/logback/core/LifeCycleManager
Event: 3.068 loading class ch/qos/logback/core/LifeCycleManager done
Event: 3.069 loading class ch/qos/logback/classic/jul/LevelChangePropagator
Event: 3.069 loading class ch/qos/logback/classic/jul/LevelChangePropagator done
Event: 3.069 Thread 0x0000000002878800 DEOPT PACKING pc=0x0000000002f18715 sp=0x000000000281a140
Event: 3.069 Thread 0x0000000002878800 DEOPT UNPACKING pc=0x0000000002b47890 sp=0x0000000002819e90 mode 0
Event: 3.070 loading class ch/qos/logback/classic/LoggerContext
Event: 3.070 loading class ch/qos/logback/classic/LoggerContext done


Dynamic libraries:
0x00007ff6274a0000 - 0x00007ff6274d7000 	G:\jdk1.8\bin\java.exe
0x00007ffb8daf0000 - 0x00007ffb8dce8000 	C:\WINDOWS\SYSTEM32\ntdll.dll
0x00007ffb8d8e0000 - 0x00007ffb8d99f000 	C:\WINDOWS\System32\KERNEL32.DLL
0x00007ffb8b680000 - 0x00007ffb8b952000 	C:\WINDOWS\System32\KERNELBASE.dll
0x00007ffb8c620000 - 0x00007ffb8c6ce000 	C:\WINDOWS\System32\ADVAPI32.dll
0x00007ffb8c4a0000 - 0x00007ffb8c53e000 	C:\WINDOWS\System32\msvcrt.dll
0x00007ffb8c400000 - 0x00007ffb8c49c000 	C:\WINDOWS\System32\sechost.dll
0x00007ffb8d5e0000 - 0x00007ffb8d705000 	C:\WINDOWS\System32\RPCRT4.dll
0x00007ffb8d190000 - 0x00007ffb8d331000 	C:\WINDOWS\System32\USER32.dll
0x00007ffb8b960000 - 0x00007ffb8b982000 	C:\WINDOWS\System32\win32u.dll
0x00007ffb8c760000 - 0x00007ffb8c78b000 	C:\WINDOWS\System32\GDI32.dll
0x00007ffb8b570000 - 0x00007ffb8b67f000 	C:\WINDOWS\System32\gdi32full.dll
0x00007ffb8ba40000 - 0x00007ffb8badd000 	C:\WINDOWS\System32\msvcp_win.dll
0x00007ffb8b1e0000 - 0x00007ffb8b2e0000 	C:\WINDOWS\System32\ucrtbase.dll
0x00007ffb794b0000 - 0x00007ffb7974a000 	C:\WINDOWS\WinSxS\amd64_microsoft.windows.common-controls_6595b64144ccf1df_6.0.19041.1110_none_60b5254171f9507e\COMCTL32.dll
0x00007ffb8d710000 - 0x00007ffb8d742000 	C:\WINDOWS\System32\IMM32.DLL
0x0000000070040000 - 0x0000000070112000 	G:\jdk1.8\jre\bin\msvcr100.dll
0x000000006f790000 - 0x000000007003c000 	G:\jdk1.8\jre\bin\server\jvm.dll
0x00007ffb8d750000 - 0x00007ffb8d758000 	C:\WINDOWS\System32\PSAPI.DLL
0x00007ffb78190000 - 0x00007ffb781b7000 	C:\WINDOWS\SYSTEM32\WINMM.dll
0x00007ffb75df0000 - 0x00007ffb75dfa000 	C:\WINDOWS\SYSTEM32\VERSION.dll
0x00007ffb86500000 - 0x00007ffb86509000 	C:\WINDOWS\SYSTEM32\WSOCK32.dll
0x00007ffb8d340000 - 0x00007ffb8d3ab000 	C:\WINDOWS\System32\ws2_32.DLL
0x00007ffb868b0000 - 0x00007ffb868bf000 	G:\jdk1.8\jre\bin\verify.dll
0x00007ffb790b0000 - 0x00007ffb790d9000 	G:\jdk1.8\jre\bin\java.dll
0x00007ffb77020000 - 0x00007ffb77043000 	G:\jdk1.8\jre\bin\instrument.dll
0x00007ffb791d0000 - 0x00007ffb791e6000 	G:\jdk1.8\jre\bin\zip.dll
0x00007ffb8ca40000 - 0x00007ffb8d185000 	C:\WINDOWS\System32\SHELL32.dll
0x00007ffb88ed0000 - 0x00007ffb89662000 	C:\WINDOWS\SYSTEM32\windows.storage.dll
0x00007ffb8bfa0000 - 0x00007ffb8c2f5000 	C:\WINDOWS\System32\combase.dll
0x00007ffb8ac40000 - 0x00007ffb8ac70000 	C:\WINDOWS\SYSTEM32\Wldp.dll
0x00007ffb8da00000 - 0x00007ffb8daad000 	C:\WINDOWS\System32\SHCORE.dll
0x00007ffb8c300000 - 0x00007ffb8c355000 	C:\WINDOWS\System32\shlwapi.dll
0x00007ffb8b120000 - 0x00007ffb8b13f000 	C:\WINDOWS\SYSTEM32\profapi.dll
0x00007ffb77000000 - 0x00007ffb7701a000 	C:\Program Files\JetBrains\IntelliJ IDEA 2022.2.1\bin\breakgen64.dll
0x00007ffb79090000 - 0x00007ffb790aa000 	G:\jdk1.8\jre\bin\net.dll
0x00007ffb8a9a0000 - 0x00007ffb8aa0a000 	C:\WINDOWS\system32\mswsock.dll
0x00007ffb74300000 - 0x00007ffb74312000 	G:\jdk1.8\jre\bin\nio.dll
0x00007ffb83810000 - 0x00007ffb8381d000 	G:\jdk1.8\jre\bin\management.dll
0x00007ffb86490000 - 0x00007ffb864a7000 	C:\WINDOWS\system32\napinsp.dll
0x00007ffb850d0000 - 0x00007ffb850eb000 	C:\WINDOWS\system32\pnrpnsp.dll
0x00007ffb85480000 - 0x00007ffb85495000 	C:\WINDOWS\system32\wshbth.dll
0x00007ffb86770000 - 0x00007ffb8678d000 	C:\WINDOWS\system32\NLAapi.dll
0x00007ffb8a640000 - 0x00007ffb8a67b000 	C:\WINDOWS\SYSTEM32\IPHLPAPI.DLL
0x00007ffb8a690000 - 0x00007ffb8a75b000 	C:\WINDOWS\SYSTEM32\DNSAPI.dll
0x00007ffb8d410000 - 0x00007ffb8d418000 	C:\WINDOWS\System32\NSI.dll
0x00007ffb850b0000 - 0x00007ffb850c2000 	C:\WINDOWS\System32\winrnr.dll
0x00007ffb81540000 - 0x00007ffb8154a000 	C:\Windows\System32\rasadhlp.dll
0x00007ffb7bfb0000 - 0x00007ffb7c030000 	C:\WINDOWS\System32\fwpuclnt.dll
0x00007ffb8b3e0000 - 0x00007ffb8b407000 	C:\WINDOWS\System32\bcrypt.dll

VM Arguments:
jvm_args: -ea -Didea.test.cyclic.buffer.size=1048576 -javaagent:C:\Program Files\JetBrains\IntelliJ IDEA 2022.2.1\lib\idea_rt.jar=55956:C:\Program Files\JetBrains\IntelliJ IDEA 2022.2.1\bin -Dfile.encoding=UTF-8 
java_command: com.intellij.rt.junit.JUnitStarter -ideVersion5 -junit5 com.example.jpa_demo.RepositoryTest.RepositoryTest4,test02
java_class_path (initial): C:\Users\de'l'l\.m2\repository\org\junit\platform\junit-platform-launcher\1.8.2\junit-platform-launcher-1.8.2.jar;C:\Users\de'l'l\.m2\repository\org\junit\platform\junit-platform-engine\1.8.2\junit-platform-engine-1.8.2.jar;C:\Users\de'l'l\.m2\repository\org\opentest4j\opentest4j\1.2.0\opentest4j-1.2.0.jar;C:\Users\de'l'l\.m2\repository\org\junit\platform\junit-platform-commons\1.8.2\junit-platform-commons-1.8.2.jar;C:\Users\de'l'l\.m2\repository\org\apiguardian\apiguardian-api\1.1.2\apiguardian-api-1.1.2.jar;C:\Program Files\JetBrains\IntelliJ IDEA 2022.2.1\lib\idea_rt.jar;C:\Program Files\JetBrains\IntelliJ IDEA 2022.2.1\plugins\junit\lib\junit5-rt.jar;C:\Program Files\JetBrains\IntelliJ IDEA 2022.2.1\plugins\junit\lib\junit-rt.jar;G:\jdk1.8\jre\lib\charsets.jar;G:\jdk1.8\jre\lib\deploy.jar;G:\jdk1.8\jre\lib\ext\access-bridge-64.jar;G:\jdk1.8\jre\lib\ext\cldrdata.jar;G:\jdk1.8\jre\lib\ext\dnsns.jar;G:\jdk1.8\jre\lib\ext\jaccess.jar;G:\jdk1.8\jre\lib\ext\jfxrt.jar;G:\jdk1.8\jre\lib\ext\localedata.jar;G:\jdk1.8\jre\lib\ext\nashorn.jar;G:\jdk1.8\jre\lib\ext\sunec.jar;G:\jdk1.8\jre\lib\ext\sunjce_provider.jar;G:\jdk1.8\jre\lib\ext\sunmscapi.jar;G:\jdk1.8\jre\lib\ext\sunpkcs11.jar;G:\jdk1.8\jre\lib\ext\zipfs.jar;G:\jdk1.8\jre\lib\javaws.jar;G:\jdk1.8\jre\lib\jce.jar;G:\jdk1.8\jre\lib\jfr.jar;G:\jdk1.8\jre\lib\jfxswt.jar;G:\jdk1.8\jre\lib\jsse.jar;G:\jdk1.8\jre\lib\management-agent.jar;G:\jdk1.8\jre\lib\plugin.jar;G:\jdk1.8\jre\lib\resources.jar;G:\jdk1.8\jre\lib\rt.jar;F:\练习小项目\springboot_jpa_demo\target\test-classes;F:\练习小项目\springboot_jpa_demo\target\classes;G:\Maven\apache-maven-3.8.7\repo\org\springframework\boot\spring-boot-starter-web\2.7.8\spring-boot-starter-web-2.7.8.jar;G:\Maven\apache-maven-3.8.7\repo\org\springframework\boot\spring-boot-starter\2.7.8\spring-boot-starter-2.7.8.jar;G:\Maven\apache-maven-3.8.7\repo\org\springframework\boot\spring-boot-starter-logging\2.7.8\spring-boot-starter-logging-2.7.8.jar;G:\Maven\ap
Launcher Type: SUN_STANDARD

Environment Variables:
JAVA_HOME=G:\jdk1.8
CLASSPATH=.;G:\jdk1.8\lib;G:\jdk1.8\lib\dt.jar;G:\jdk1.8\lib\tools.jar;
PATH=G:\jdk1.8\bin;G:\jdk1.8\jre\bin;C:\Program Files\Common Files\Oracle\Java\javapath;C:\Program Files (x86)\Intel\Intel(R) Management Engine Components\iCLS\;C:\Program Files\Intel\Intel(R) Management Engine Components\iCLS\;C:\WINDOWS\system32;C:\WINDOWS;C:\WINDOWS\System32\Wbem;C:\WINDOWS\System32\WindowsPowerShell\v1.0\;C:\WINDOWS\System32\OpenSSH\;C:\Program Files (x86)\Intel\Intel(R) Management Engine Components\DAL;C:\Program Files\Intel\Intel(R) Management Engine Components\DAL;C:\Program Files (x86)\Intel\Intel(R) Management Engine Components\IPT;C:\Program Files\Intel\Intel(R) Management Engine Components\IPT;C:\Program Files\Intel\WiFi\bin\;C:\Program Files\Common Files\Intel\WirelessCommon\;G:\jdk1.8\bin;G:\Nodejs\node_global;G:\Git\cmd;G:\Nodejs\;G:\Nodejs\node_global\node_modules;G:\Boke\node_modules\.bin;.;F:\runtime\win64;F:\bin;F:\polyspace\bin;G:\Gcc\bin                         ;G:\微信web开发者工具\dll;G:\Nodejs\node_global;G:\gcc1\mingw64\bin;C:\Users\de'l'l\AppData\Local\Programs\Python\Python310\Scripts\;C:\Users\de'l'l\AppData\Local\Programs\Python\Python310\;C:\Users\de'l'l\AppData\Local\Microsoft\WindowsApps;C:\Program Files\Bandizip\;C:\Program Files\JetBrains\PyCharm Community Edition 2022.1.1\bin;;G:\hjymysql\mysql-5.7.19-winx64\bin;G:\Nodejs\node_global\npm;G:\vscode\Microsoft VS Code\bin;G:\Nodejs\node_cache;G:\Nodejs\node_global;C:\Users\de'l'l\AppData\Local\GitHubDesktop\bin;G:\Gcc\bin;G:\Maven\apache-maven-3.8.7\bin;G:\Nodejs\node_global\node_modules;;D:\WebStorm 2022.3.2\bin;
USERNAME=de'l'l
OS=Windows_NT
PROCESSOR_IDENTIFIER=Intel64 Family 6 Model 142 Stepping 9, GenuineIntel



---------------  S Y S T E M  ---------------

OS: Windows 10.0 , 64 bit Build 19041 (10.0.19041.2546)

CPU:total 4 (initial active 4) (2 cores per cpu, 2 threads per core) family 6 model 142 stepping 9, cmov, cx8, fxsr, mmx, sse, sse2, sse3, ssse3, sse4.1, sse4.2, popcnt, avx, avx2, aes, clmul, erms, 3dnowpref, lzcnt, ht, tsc, tscinvbit, bmi1, bmi2, adx

Memory: 4k page, physical 16639240k(4224464k free), swap 26879236k(6176k free)

vm_info: Java HotSpot(TM) 64-Bit Server VM (25.241-b07) for windows-amd64 JRE (1.8.0_241-b07), built on Dec 11 2019 10:21:40 by "rejava" with MS VC++ 10.0 (VS2010)

time: Tue Mar 07 21:30:19 2023
timezone: 中国标准时间
elapsed time: 3 seconds (0d 0h 0m 3s)

